<?xml version="1.0" encoding="UTF-8"?>
<robot generator="Robot 7.1.1 (Python 3.13.0 on win32)" generated="2025-02-15T21:59:21.596944" rpa="false" schemaversion="5">
<suite id="s1" name="Keywords" source="d:\QA\Session 4\Projet de synthese\AlfrescoProject\Resources\Keywords\Keywords.robot">
<test id="s1-t1" name="Supprimer un dossier" line="74">
<kw name="Login">
<kw name="Open Browser" owner="SeleniumLibrary">
<msg time="2025-02-15T21:59:22.147040" level="INFO">Opening browser 'chrome' to base url 'http://34.71.49.164'.</msg>
<arg>${vURL}</arg>
<arg>${vBrowser}</arg>
<doc>Opens a new browser instance to the optional ``url``.</doc>
<status status="PASS" start="2025-02-15T21:59:22.146172" elapsed="4.140168"/>
</kw>
<kw name="Maximize Browser Window" owner="SeleniumLibrary">
<doc>Maximizes current browser window.</doc>
<status status="PASS" start="2025-02-15T21:59:26.288696" elapsed="0.096423"/>
</kw>
<kw name="Input Text" owner="SeleniumLibrary">
<msg time="2025-02-15T21:59:26.392553" level="INFO">Typing text '2106860' into text field '//input[@id='page_x002e_components_x002e_slingshot-login_x0023_default-username']'.</msg>
<arg>${Connexion.input_username}</arg>
<arg>${vLogin}</arg>
<doc>Types the given ``text`` into the text field identified by ``locator``.</doc>
<status status="PASS" start="2025-02-15T21:59:26.385721" elapsed="0.397679"/>
</kw>
<kw name="Input Text" owner="SeleniumLibrary">
<msg time="2025-02-15T21:59:26.784478" level="INFO">Typing text '2106860' into text field '//input[@id='page_x002e_components_x002e_slingshot-login_x0023_default-password']'.</msg>
<arg>${Connexion.input_password}</arg>
<arg>${vPassword}</arg>
<doc>Types the given ``text`` into the text field identified by ``locator``.</doc>
<status status="PASS" start="2025-02-15T21:59:26.783761" elapsed="0.116564"/>
</kw>
<kw name="Click Element" owner="SeleniumLibrary">
<msg time="2025-02-15T21:59:26.901297" level="INFO">Clicking element '//button[@id='page_x002e_components_x002e_slingshot-login_x0023_default-submit-button']'.</msg>
<arg>${Connexion.btn_connexion}</arg>
<doc>Click the element identified by ``locator``.</doc>
<status status="PASS" start="2025-02-15T21:59:26.900642" elapsed="1.997695"/>
</kw>
<kw name="Sleep" owner="BuiltIn">
<msg time="2025-02-15T21:59:30.899959" level="INFO">Slept 2 seconds.</msg>
<arg>2s</arg>
<doc>Pauses the test executed for the given time.</doc>
<status status="PASS" start="2025-02-15T21:59:28.898868" elapsed="2.001411"/>
</kw>
<kw name="Element Should Contain" owner="SeleniumLibrary">
<msg time="2025-02-15T21:59:30.943840" level="INFO">Element '//span[@id='HEADER_USER_MENU_POPUP_text']' contains text 'Idbourkha Mohamed'.</msg>
<arg>${Connexion.link_user}</arg>
<arg>${vMessageConnexion}</arg>
<doc>Verifies that element ``locator`` contains text ``expected``.</doc>
<status status="PASS" start="2025-02-15T21:59:30.900581" elapsed="0.043739"/>
</kw>
<arg>${vURL}</arg>
<arg>${vLogin}</arg>
<arg>${vPassword}</arg>
<status status="PASS" start="2025-02-15T21:59:22.142342" elapsed="8.802446"/>
</kw>
<kw name="Click Element" owner="SeleniumLibrary">
<msg time="2025-02-15T21:59:30.947747" level="INFO">Clicking element '//span[@id='HEADER_MY_FILES_text']'.</msg>
<arg>${SupprimerDossier.link_mesfichiers}</arg>
<doc>Click the element identified by ``locator``.</doc>
<status status="PASS" start="2025-02-15T21:59:30.946122" elapsed="2.653374"/>
</kw>
<kw name="Mouse Over" owner="SeleniumLibrary">
<msg time="2025-02-15T21:59:33.610815" level="INFO">Simulating Mouse Over on element '//a[text()='Dossier2']'.</msg>
<arg>//a[text()='Dossier2']</arg>
<doc>Simulates hovering the mouse over the element ``locator``.</doc>
<status status="PASS" start="2025-02-15T21:59:33.610000" elapsed="0.381143"/>
</kw>
<kw name="Click Element" owner="SeleniumLibrary">
<msg time="2025-02-15T21:59:33.994129" level="INFO">Clicking element '//a[text()='Dossier2']/ancestor::tr//a/span[text()='Plus...']'.</msg>
<arg>//a[text()='Dossier2']/ancestor::tr//a/span[text()='Plus...']</arg>
<doc>Click the element identified by ``locator``.</doc>
<status status="PASS" start="2025-02-15T21:59:33.993534" elapsed="0.157756"/>
</kw>
<kw name="Sleep" owner="BuiltIn">
<msg time="2025-02-15T22:01:34.160230" level="INFO">Slept 2 minutes.</msg>
<arg>120s</arg>
<doc>Pauses the test executed for the given time.</doc>
<status status="PASS" start="2025-02-15T21:59:34.158614" elapsed="120.002107"/>
</kw>
<kw name="Clear Element" owner="XML">
<msg time="2025-02-15T22:01:34.172417" level="FAIL">OSError: [Errno 22] Invalid argument: "//a[text()='Dossier2']/ancestor::tr//span[text()='Supprimer le Dossier']"</msg>
<arg>//a[text()='Dossier2']/ancestor::tr//span[text()='Supprimer le Dossier']</arg>
<doc>Clears the contents of the specified element.</doc>
<status status="FAIL" start="2025-02-15T22:01:34.162424" elapsed="0.016327">OSError: [Errno 22] Invalid argument: "//a[text()='Dossier2']/ancestor::tr//span[text()='Supprimer le Dossier']"</status>
</kw>
<kw name="Click Element" owner="SeleniumLibrary">
<arg>//button[contains(.,'Delete')]/ancestor::div[@id='prompt']</arg>
<doc>Click the element identified by ``locator``.</doc>
<status status="NOT RUN" start="2025-02-15T22:01:34.180269" elapsed="0.000374"/>
</kw>
<kw name="Logout">
<status status="NOT RUN" start="2025-02-15T22:01:34.182518" elapsed="0.003526"/>
</kw>
<status status="FAIL" start="2025-02-15T21:59:22.140983" elapsed="132.046997">OSError: [Errno 22] Invalid argument: "//a[text()='Dossier2']/ancestor::tr//span[text()='Supprimer le Dossier']"</status>
</test>
<doc>Fichier Contenant les mots cles de l'ensemble du projet alfresco</doc>
<status status="FAIL" start="2025-02-15T21:59:21.610964" elapsed="132.582331"/>
</suite>
<statistics>
<total>
<stat pass="0" fail="1" skip="0">All Tests</stat>
</total>
<tag>
</tag>
<suite>
<stat pass="0" fail="1" skip="0" id="s1" name="Keywords">Keywords</stat>
</suite>
</statistics>
<errors>
</errors>
</robot>
